<?xml version="1.0" encoding="UTF-8"?>
<robot generator="Robot 5.0 (Python 3.10.4 on darwin)" generated="20220429 20:50:29.873" rpa="false" schemaversion="3">
<suite id="s1" name="TestKumparan" source="/Users/andikaprananto/PycharmProjects/TestKumparan/SuiteTest/TestKumparan.robot">
<test id="s1-t1" name="TC001 Open MyHeadless Browser &amp; Allow Permission" line="11">
<kw name="Open MyHeadless Keyword" library="Browsers">
<kw name="Evaluate" library="BuiltIn">
<var>${options}</var>
<arg>sys.modules['selenium.webdriver'].ChromeOptions()</arg>
<arg>sys, selenium.webdriver</arg>
<doc>Evaluates the given expression in Python and returns the result.</doc>
<msg timestamp="20220429 20:50:30.173" level="INFO">${options} = &lt;selenium.webdriver.chrome.options.Options object at 0x10b619840&gt;</msg>
<status status="PASS" starttime="20220429 20:50:30.173" endtime="20220429 20:50:30.173"/>
</kw>
<kw name="Call Method" library="BuiltIn">
<arg>${options}</arg>
<arg>add_argument</arg>
<arg>--headless</arg>
<doc>Calls the named method of the given object with the provided arguments.</doc>
<status status="PASS" starttime="20220429 20:50:30.174" endtime="20220429 20:50:30.174"/>
</kw>
<kw name="Open Browser" library="SeleniumLibrary">
<arg>${URL_Kumparan}</arg>
<arg>${BROWSER}</arg>
<doc>Opens a new browser instance to the optional ``url``.</doc>
<msg timestamp="20220429 20:50:30.174" level="INFO">Opening browser 'chrome' to base url 'https://kumparan.com/'.</msg>
<status status="PASS" starttime="20220429 20:50:30.174" endtime="20220429 20:51:29.064"/>
</kw>
<kw name="Maximize Browser Window" library="SeleniumLibrary">
<doc>Maximizes current browser window.</doc>
<status status="PASS" starttime="20220429 20:51:29.065" endtime="20220429 20:51:29.392"/>
</kw>
<status status="PASS" starttime="20220429 20:50:30.173" endtime="20220429 20:51:29.392"/>
</kw>
<kw name="Allow Permission" library="CommonKey">
<kw name="Wait Until Element Is Visible" library="SeleniumLibrary">
<arg>${allow_PErmission}</arg>
<doc>Waits until the element ``locator`` is visible.</doc>
<status status="PASS" starttime="20220429 20:51:29.393" endtime="20220429 20:51:29.486"/>
</kw>
<kw name="Sleep" library="BuiltIn">
<arg>1s</arg>
<doc>Pauses the test executed for the given time.</doc>
<msg timestamp="20220429 20:51:30.488" level="INFO">Slept 1 second</msg>
<status status="PASS" starttime="20220429 20:51:29.486" endtime="20220429 20:51:30.488"/>
</kw>
<kw name="Click Element" library="SeleniumLibrary">
<arg>${allow_PErmission}</arg>
<doc>Click the element identified by ``locator``.</doc>
<msg timestamp="20220429 20:51:30.489" level="INFO">Clicking element 'id=onesignal-slidedown-allow-button'.</msg>
<status status="PASS" starttime="20220429 20:51:30.488" endtime="20220429 20:51:33.060"/>
</kw>
<status status="PASS" starttime="20220429 20:51:29.392" endtime="20220429 20:51:33.060"/>
</kw>
<doc>Kumparan - QA Assessment</doc>
<tag>Andika Prananto Test</tag>
<status status="PASS" starttime="20220429 20:50:30.161" endtime="20220429 20:51:33.061"/>
</test>
<test id="s1-t2" name="TC002 User To see News" line="17">
<kw name="User to see news using click image" library="UserToSeeNews">
<kw name="Wait Until Element Is Visible" library="SeleniumLibrary">
<arg>${click_Image}</arg>
<doc>Waits until the element ``locator`` is visible.</doc>
<status status="PASS" starttime="20220429 20:51:33.062" endtime="20220429 20:51:33.164"/>
</kw>
<kw name="Click Element" library="SeleniumLibrary">
<arg>${click_Image}</arg>
<doc>Click the element identified by ``locator``.</doc>
<msg timestamp="20220429 20:51:33.164" level="INFO">Clicking element 'css=div.HeroCardweb__Caption-sc-wmnq0q-1.efKqOH'.</msg>
<status status="PASS" starttime="20220429 20:51:33.164" endtime="20220429 20:51:33.271"/>
</kw>
<status status="PASS" starttime="20220429 20:51:33.062" endtime="20220429 20:51:33.271"/>
</kw>
<kw name="User to see news using clik title news" library="UserToSeeNews">
<kw name="Wait Until Element Is Visible" library="SeleniumLibrary">
<arg>${click_title}</arg>
<doc>Waits until the element ``locator`` is visible.</doc>
<status status="PASS" starttime="20220429 20:51:33.271" endtime="20220429 20:51:33.301"/>
</kw>
<kw name="Click Element" library="SeleniumLibrary">
<arg>${click_title}</arg>
<doc>Click the element identified by ``locator``.</doc>
<msg timestamp="20220429 20:51:33.301" level="INFO">Clicking element 'css=span.Textweb__StyledText-sc-1uxddwr-0.hbFQhX.CardContentweb__CustomText-sc-1gsg7ct-0.grhZrk'.</msg>
<status status="PASS" starttime="20220429 20:51:33.301" endtime="20220429 20:51:34.319"/>
</kw>
<status status="PASS" starttime="20220429 20:51:33.271" endtime="20220429 20:51:34.319"/>
</kw>
<kw name="Back Page" library="CommonKey">
<kw name="Go Back" library="SeleniumLibrary">
<doc>Simulates the user clicking the back button on their browser.</doc>
<status status="PASS" starttime="20220429 20:51:34.320" endtime="20220429 20:51:35.584"/>
</kw>
<status status="PASS" starttime="20220429 20:51:34.319" endtime="20220429 20:51:35.584"/>
</kw>
<kw name="User to see news using click Trending news" library="UserToSeeNews">
<kw name="Wait Until Element Is Visible" library="SeleniumLibrary">
<arg>${trending}</arg>
<doc>Waits until the element ``locator`` is visible.</doc>
<status status="PASS" starttime="20220429 20:51:35.585" endtime="20220429 20:51:36.090"/>
</kw>
<kw name="Click Element" library="SeleniumLibrary">
<arg>${trending}</arg>
<doc>Click the element identified by ``locator``.</doc>
<msg timestamp="20220429 20:51:36.090" level="INFO">Clicking element 'xpath=//*/text()[normalize-space(.)='Lihat lainnya']/parent::*'.</msg>
<status status="PASS" starttime="20220429 20:51:36.090" endtime="20220429 20:51:36.358"/>
</kw>
<status status="PASS" starttime="20220429 20:51:35.584" endtime="20220429 20:51:36.358"/>
</kw>
<kw name="Back Page" library="CommonKey">
<kw name="Go Back" library="SeleniumLibrary">
<doc>Simulates the user clicking the back button on their browser.</doc>
<status status="PASS" starttime="20220429 20:51:36.359" endtime="20220429 20:51:36.957"/>
</kw>
<status status="PASS" starttime="20220429 20:51:36.358" endtime="20220429 20:51:36.958"/>
</kw>
<doc>Kumparan - QA Assessment</doc>
<tag>Andika Prananto Test</tag>
<status status="PASS" starttime="20220429 20:51:33.061" endtime="20220429 20:51:36.958"/>
</test>
<test id="s1-t3" name="TC003 User Put Comment Before Login" line="26">
<kw name="User Put Comment Before Login" library="PutComment">
<kw name="Wait Until Element Is Visible" library="SeleniumLibrary">
<arg>${click_title}</arg>
<doc>Waits until the element ``locator`` is visible.</doc>
<status status="PASS" starttime="20220429 20:51:36.960" endtime="20220429 20:51:37.033"/>
</kw>
<kw name="Click Element" library="SeleniumLibrary">
<arg>${click_title}</arg>
<doc>Click the element identified by ``locator``.</doc>
<msg timestamp="20220429 20:51:37.034" level="INFO">Clicking element 'css=span.Textweb__StyledText-sc-1uxddwr-0.hbFQhX.CardContentweb__CustomText-sc-1gsg7ct-0.grhZrk'.</msg>
<status status="PASS" starttime="20220429 20:51:37.033" endtime="20220429 20:51:39.116"/>
</kw>
<kw name="Sleep" library="BuiltIn">
<arg>3s</arg>
<doc>Pauses the test executed for the given time.</doc>
<msg timestamp="20220429 20:51:42.119" level="INFO">Slept 3 seconds</msg>
<status status="PASS" starttime="20220429 20:51:39.116" endtime="20220429 20:51:42.119"/>
</kw>
<kw name="Execute Javascript" library="SeleniumLibrary">
<arg>window.scrollTo(0, window.scrollY+height)</arg>
<doc>Executes the given JavaScript code with possible arguments.</doc>
<msg timestamp="20220429 20:51:42.121" level="INFO">Executing JavaScript:
window.scrollTo(0, window.scrollY+height)
Without any arguments.</msg>
<msg timestamp="20220429 20:51:43.645" level="INFO" html="true">&lt;/td&gt;&lt;/tr&gt;&lt;tr&gt;&lt;td colspan="3"&gt;&lt;a href="selenium-screenshot-48.png"&gt;&lt;img src="selenium-screenshot-48.png" width="800px"&gt;&lt;/a&gt;</msg>
<msg timestamp="20220429 20:51:43.646" level="FAIL">JavascriptException: Message: javascript error: height is not defined
  (Session info: chrome=100.0.4896.127)
Stacktrace:
0   chromedriver                        0x0000000100a13c34 chromedriver + 4406324
1   chromedriver                        0x00000001009ad290 chromedriver + 3986064
2   chromedriver                        0x000000010060e84c chromedriver + 190540
3   chromedriver                        0x0000000100611350 chromedriver + 201552
4   chromedriver                        0x00000001006111b8 chromedriver + 201144
5   chromedriver                        0x0000000100611b1c chromedriver + 203548
6   chromedriver                        0x0000000100667150 chromedriver + 553296
7   chromedriver                        0x00000001006666e0 chromedriver + 550624
8   chromedriver                        0x0000000100632864 chromedriver + 338020
9   chromedriver                        0x00000001009d9320 chromedriver + 4166432
10  chromedriver                        0x00000001009ee748 chromedriver + 4253512
11  chromedriver                        0x00000001009f2cbc chromedriver + 4271292
12  chromedriver                        0x00000001009ef004 chromedriver + 4255748
13  chromedriver                        0x00000001009cf08c chromedriver + 4124812
14  chromedriver                        0x0000000100a06bf8 chromedriver + 4353016
15  chromedriver                        0x0000000100a06d5c chromedriver + 4353372
16  chromedriver                        0x0000000100a1a438 chromedriver + 4432952
17  libsystem_pthread.dylib             0x000000019a9b226c _pthread_start + 148
18  libsystem_pthread.dylib             0x000000019a9ad08c thread_start + 8
</msg>
<status status="FAIL" starttime="20220429 20:51:42.120" endtime="20220429 20:51:43.652"/>
</kw>
<status status="FAIL" starttime="20220429 20:51:36.959" endtime="20220429 20:51:43.652"/>
</kw>
<doc>Kumparan - QA Assessment</doc>
<tag>Andika Prananto Test</tag>
<status status="FAIL" starttime="20220429 20:51:36.959" endtime="20220429 20:51:43.653">JavascriptException: Message: javascript error: height is not defined
  (Session info: chrome=100.0.4896.127)
Stacktrace:
0   chromedriver                        0x0000000100a13c34 chromedriver + 4406324
1   chromedriver                        0x00000001009ad290 chromedriver + 3986064
2   chromedriver                        0x000000010060e84c chromedriver + 190540
3   chromedriver                        0x0000000100611350 chromedriver + 201552
4   chromedriver                        0x00000001006111b8 chromedriver + 201144
5   chromedriver                        0x0000000100611b1c chromedriver + 203548
6   chromedriver                        0x0000000100667150 chromedriver + 553296
7   chromedriver                        0x00000001006666e0 chromedriver + 550624
8   chromedriver                        0x0000000100632864 chromedriver + 338020
9   chromedriver                        0x00000001009d9320 chromedriver + 4166432
10  chromedriver                        0x00000001009ee748 chromedriver + 4253512
11  chromedriver                        0x00000001009f2cbc chromedriver + 4271292
12  chromedriver                        0x00000001009ef004 chromedriver + 4255748
13  chromedriver                        0x00000001009cf08c chromedriver + 4124812
14  chromedriver                        0x0000000100a06bf8 chromedriver + 4353016
15  chromedriver                        0x0000000100a06d5c chromedriver + 4353372
16  chromedriver                        0x0000000100a1a438 chromedriver + 4432952
17  libsystem_pthread.dylib             0x000000019a9b226c _pthread_start + 148
18  libsystem_pthread.dylib             0x000000019a9ad08c thread_start + 8
</status>
</test>
<doc>Kumparan - QA Assessment</doc>
<status status="FAIL" starttime="20220429 20:50:29.874" endtime="20220429 20:51:43.654"/>
</suite>
<statistics>
<total>
<stat pass="2" fail="1" skip="0">All Tests</stat>
</total>
<tag>
<stat pass="2" fail="1" skip="0">Andika Prananto Test</stat>
</tag>
<suite>
<stat pass="2" fail="1" skip="0" id="s1" name="TestKumparan">TestKumparan</stat>
</suite>
</statistics>
<errors>
</errors>
</robot>
